<?xml version="1.0" encoding="UTF-8"?>
<testsuite name="WhenTest" tests="1" skipped="0" failures="0" errors="0" timestamp="2020-04-16T04:09:58" hostname="LiangTangs-MBP" time="0.002">
  <properties/>
  <testcase name="testWhen" classname="WhenTest" time="0.002"/>
  <system-out><![CDATA[one
]]></system-out>
  <system-err><![CDATA[]]></system-err>
</testsuite>
